1.290000000000000000e+03
1.781500000000000000e+04
8.607000000000000000e+03
1.330000000000000000e+03
1.359900000000000000e+04
2.952500000000000000e+04
1.576700000000000000e+04
3.267700000000000000e+04
5.655000000000000000e+03
3.901000000000000000e+03
6.662000000000000000e+03
1.372700000000000000e+04
1.148800000000000000e+04
6.140000000000000000e+03
1.188700000000000000e+04
2.959600000000000000e+04
2.178700000000000000e+04
4.667000000000000000e+03
2.136900000000000000e+04
2.220000000000000000e+03
2.618800000000000000e+04
9.147000000000000000e+03
2.339600000000000000e+04
2.256900000000000000e+04
2.616000000000000000e+03
1.795800000000000000e+04
1.493600000000000000e+04
2.899800000000000000e+04
1.893600000000000000e+04
1.604300000000000000e+04
1.609800000000000000e+04
1.559000000000000000e+03
8.383000000000000000e+03
1.781700000000000000e+04
2.547400000000000000e+04
2.177500000000000000e+04
2.467000000000000000e+04
1.545200000000000000e+04
2.762900000000000000e+04
3.307000000000000000e+03
