1.446500000000000000e+04
1.556200000000000000e+04
1.932200000000000000e+04
1.803700000000000000e+04
1.553100000000000000e+04
7.811000000000000000e+03
2.740100000000000000e+04
2.190800000000000000e+04
2.944000000000000000e+03
2.846800000000000000e+04
2.095900000000000000e+04
2.348500000000000000e+04
8.834000000000000000e+03
2.893600000000000000e+04
8.292000000000000000e+03
1.991200000000000000e+04
1.042600000000000000e+04
6.820000000000000000e+03
3.176700000000000000e+04
1.295500000000000000e+04
1.502000000000000000e+03
2.298200000000000000e+04
1.578100000000000000e+04
4.358000000000000000e+03
1.139000000000000000e+04
1.264000000000000000e+04
2.831600000000000000e+04
6.432000000000000000e+03
2.699100000000000000e+04
2.716000000000000000e+04
1.952000000000000000e+03
2.046200000000000000e+04
2.541200000000000000e+04
2.568600000000000000e+04
2.177000000000000000e+03
1.741500000000000000e+04
2.005000000000000000e+03
1.383000000000000000e+04
2.605100000000000000e+04
3.122000000000000000e+04
